app/build/intermediates/manifest_merge_blame_file/debug/manifest-merger-blame-debug-report.txt
1<?xml version="1.0" encoding="utf-8"?>
2<manifest xmlns:android="http://schemas.android.com/apk/res/android"
3    package="com.example.foody"
4    android:versionCode="1"
5    android:versionName="1.0" >
6
7    <uses-sdk
8        android:minSdkVersion="21"
8-->src\main\AndroidManifest.xml
9        android:targetSdkVersion="30" />
9-->src\main\AndroidManifest.xml
10
11    <uses-permission android:name="android.permission.INTERNET" />
11-->src\main\AndroidManifest.xml:5:5-67
11-->src\main\AndroidManifest.xml:5:22-64
12    <uses-permission android:name="android.permission.ACCESS_NETWORK_STATE" />
12-->src\main\AndroidManifest.xml:6:5-79
12-->src\main\AndroidManifest.xml:6:22-76
13    <uses-permission android:name="android.permission.WRITE_EXTERNAL_STORAGE" />
14    <uses-permission android:name="android.permission.READ_PHONE_STATE" />
15    <uses-permission android:name="android.permission.READ_EXTERNAL_STORAGE" />
16
17    <application
17-->src\main\AndroidManifest.xml:8:5-32:19
18        android:name="com.example.foody.MyApplication"
18-->src\main\AndroidManifest.xml:9:9-38
19        android:allowBackup="true"
19-->src\main\AndroidManifest.xml:10:9-35
20        android:appComponentFactory="androidx.core.app.CoreComponentFactory"
20-->[androidx.core:core:1.3.2] AndroidManifest.xml:24:18-86
21        android:debuggable="true"
22        android:fullBackupContent="true"
22-->src\main\AndroidManifest.xml:11:9-41
23        android:icon="@mipmap/ic_launcher"
23-->src\main\AndroidManifest.xml:12:9-43
24        android:label="@string/app_name"
24-->src\main\AndroidManifest.xml:13:9-41
25        android:roundIcon="@mipmap/ic_launcher_round"
25-->src\main\AndroidManifest.xml:14:9-54
26        android:supportsRtl="true"
26-->src\main\AndroidManifest.xml:15:9-35
27        android:testOnly="true"
28        android:theme="@style/SplashScreenStyle"
28-->src\main\AndroidManifest.xml:16:9-49
29        android:usesCleartextTraffic="true" >
29-->src\main\AndroidManifest.xml:17:9-44
30        <activity
30-->src\main\AndroidManifest.xml:18:9-20:58
31            android:name="com.example.foody.ui.DetailsActivity"
31-->src\main\AndroidManifest.xml:18:19-53
32            android:label="Details"
32-->src\main\AndroidManifest.xml:19:13-36
33            android:theme="@style/DetailsActivityStyle" />
33-->src\main\AndroidManifest.xml:20:13-56
34        <activity android:name="com.example.foody.ui.MainActivity" >
34-->src\main\AndroidManifest.xml:21:9-27:20
34-->src\main\AndroidManifest.xml:21:19-50
35            <intent-filter>
35-->src\main\AndroidManifest.xml:22:13-26:29
36                <action android:name="android.intent.action.MAIN" />
36-->src\main\AndroidManifest.xml:23:17-69
36-->src\main\AndroidManifest.xml:23:25-66
37
38                <category android:name="android.intent.category.LAUNCHER" />
38-->src\main\AndroidManifest.xml:25:17-77
38-->src\main\AndroidManifest.xml:25:27-74
39            </intent-filter>
40        </activity>
41
42        <meta-data
42-->src\main\AndroidManifest.xml:29:9-31:57
43            android:name="preloaded_fonts"
43-->src\main\AndroidManifest.xml:30:13-43
44            android:resource="@array/preloaded_fonts" />
44-->src\main\AndroidManifest.xml:31:13-54
45
46        <service
46-->[androidx.room:room-runtime:2.2.5] AndroidManifest.xml:25:9-28:40
47            android:name="androidx.room.MultiInstanceInvalidationService"
47-->[androidx.room:room-runtime:2.2.5] AndroidManifest.xml:26:13-74
48            android:directBootAware="true"
48-->[androidx.room:room-runtime:2.2.5] AndroidManifest.xml:27:13-43
49            android:exported="false" />
49-->[androidx.room:room-runtime:2.2.5] AndroidManifest.xml:28:13-37
50
51        <provider
51-->[androidx.lifecycle:lifecycle-process:2.2.0] AndroidManifest.xml:25:9-29:43
52            android:name="androidx.lifecycle.ProcessLifecycleOwnerInitializer"
52-->[androidx.lifecycle:lifecycle-process:2.2.0] AndroidManifest.xml:26:13-79
53            android:authorities="com.example.foody.lifecycle-process"
53-->[androidx.lifecycle:lifecycle-process:2.2.0] AndroidManifest.xml:27:13-69
54            android:exported="false"
54-->[androidx.lifecycle:lifecycle-process:2.2.0] AndroidManifest.xml:28:13-37
55            android:multiprocess="true" />
55-->[androidx.lifecycle:lifecycle-process:2.2.0] AndroidManifest.xml:29:13-40
56    </application>
57
58</manifest>